#include <stdio.h>
#include <stdlib.h>
#include <algorithm>
using namespace std;
int main()
{
   // freopen("kth.in", "r", stdin);
   // freopen("kth.out", "w", stdout);
    int n, k, A, B, C, a1, a2;
    scanf("%d %d", &n, &k);
    scanf("%d %d %d %d %d", &A, &B, &C, &a1, &a2);
    k--;
    int* a = (int *)malloc(sizeof(int) * n);
    a[0] = a1;
    a[1] = a2;
    for (int i = 2; i < n; i++)
    {
        a[i] = A * a[i - 2] + B * a[i - 1] + C;
    }
    int l = 0, r = n - 1;

    for (;;)
    {

      //l,r
            int kitten = a[r];
            int i = l - 1;
            for (int j = l; j < r; ++j)
                if (a[j] <= kitten)
                    swap(a[j], a[++i]);
            swap(a[++i], a[r]);
            int p = i;




        if (p == k)
        {
            printf("%d", a[k]);
            return 0;
        }
        if (p < k)
        {
            l = p + 1;
        }
        else
        {
            r = p - 1;

        }

    }
    return 0;
}